{
  "RSpec": {
    "coverage": {
      "/Users/sharmine/Projects/Ruby/bank-tech-test/spec/account_spec.rb": {
        "lines": [
          null,
          null,
          1,
          null,
          1,
          1,
          1,
          1,
          1,
          1,
          null,
          1,
          null,
          null,
          null,
          1,
          1,
          1,
          1,
          1,
          1,
          1,
          null,
          1,
          null,
          null,
          null,
          1,
          1,
          1,
          1,
          1,
          null,
          2,
          null,
          1,
          1,
          1,
          1,
          1,
          1,
          1,
          1,
          null,
          2,
          null,
          null,
          null
        ]
      },
      "/Users/sharmine/Projects/Ruby/bank-tech-test/lib/account.rb": {
        "lines": [
          null,
          null,
          1,
          1,
          8,
          8,
          null,
          null,
          1,
          10,
          10,
          null,
          null,
          1,
          4,
          4,
          null,
          null,
          1,
          18,
          null,
          null,
          1,
          4,
          12,
          null,
          null
        ]
      },
      "/Users/sharmine/Projects/Ruby/bank-tech-test/spec/deposit_spec.rb": {
        "lines": [
          null,
          null,
          1,
          null,
          1,
          1,
          1,
          null,
          1,
          1,
          null,
          1,
          2,
          null,
          null
        ]
      },
      "/Users/sharmine/Projects/Ruby/bank-tech-test/lib/deposit.rb": {
        "lines": [
          null,
          null,
          1,
          1,
          7,
          null,
          6,
          6,
          null,
          null,
          1,
          11,
          null,
          null,
          1,
          6,
          null,
          null
        ]
      },
      "/Users/sharmine/Projects/Ruby/bank-tech-test/spec/integration/integration_spec.rb": {
        "lines": [
          null,
          null,
          1,
          1,
          1,
          null,
          1,
          1,
          1,
          1,
          1,
          1,
          null,
          1,
          null,
          null,
          null,
          1,
          1,
          1,
          1,
          1,
          1,
          1,
          null,
          1,
          null,
          null,
          null,
          1,
          1,
          1,
          1,
          1,
          null,
          2,
          null,
          1,
          1,
          1,
          1,
          1,
          1,
          1,
          1,
          null,
          2,
          null,
          null,
          null
        ]
      },
      "/Users/sharmine/Projects/Ruby/bank-tech-test/lib/withdrawal.rb": {
        "lines": [
          null,
          null,
          1,
          1,
          4,
          null,
          3,
          3,
          null,
          null,
          1,
          5,
          null,
          null,
          1,
          3,
          null,
          null
        ]
      },
      "/Users/sharmine/Projects/Ruby/bank-tech-test/spec/withdrawal_spec.rb": {
        "lines": [
          null,
          null,
          1,
          null,
          1,
          1,
          1,
          null,
          1,
          1,
          null,
          1,
          2,
          null,
          null
        ]
      }
    },
    "timestamp": 1687185684
  }
}
