{
  "RSpec": {
    "coverage": {
      "/Users/sharmine/Projects/Ruby/bank-tech-test/spec/account_spec.rb": {
        "lines": [
          null,
          null,
          1,
          null,
          1,
          1,
          1,
          1,
          1,
          1,
          null,
          1,
          null,
          null,
          null,
          1,
          1,
          1,
          1,
          1,
          1,
          1,
          null,
          1,
          null,
          null,
          null,
          1,
          1,
          1,
          1,
          1,
          null,
          2,
          null,
          1,
          1,
          1,
          1,
          1,
          1,
          1,
          1,
          null,
          2,
          null,
          null,
          null
        ]
      },
      "/Users/sharmine/Projects/Ruby/bank-tech-test/lib/account.rb": {
        "lines": [
          null,
          null,
          1,
          null,
          1,
          1,
          9,
          9,
          null,
          null,
          1,
          15,
          null,
          14,
          null,
          14,
          10,
          null,
          4,
          null,
          null,
          null,
          1,
          18,
          null,
          null,
          1,
          4,
          12,
          null,
          null
        ]
      },
      "/Users/sharmine/Projects/Ruby/bank-tech-test/lib/transaction.rb": {
        "lines": [
          null,
          null,
          1,
          1,
          9,
          null,
          8,
          8,
          null,
          null,
          1,
          22,
          null,
          null,
          1,
          8,
          null,
          null
        ]
      },
      "/Users/sharmine/Projects/Ruby/bank-tech-test/spec/integration/integration_spec.rb": {
        "lines": [
          null,
          null,
          1,
          1,
          null,
          1,
          1,
          1,
          1,
          1,
          1,
          null,
          1,
          null,
          null,
          null,
          1,
          1,
          1,
          1,
          1,
          1,
          1,
          null,
          1,
          null,
          null,
          null,
          1,
          1,
          1,
          2,
          null,
          null,
          null,
          1,
          1,
          1,
          1,
          1,
          null,
          2,
          null,
          1,
          1,
          1,
          1,
          1,
          1,
          1,
          1,
          null,
          2,
          null,
          null,
          null
        ]
      },
      "/Users/sharmine/Projects/Ruby/bank-tech-test/spec/transaction_spec.rb": {
        "lines": [
          null,
          null,
          1,
          null,
          1,
          1,
          1,
          null,
          1,
          1,
          null,
          1,
          2,
          null,
          null
        ]
      }
    },
    "timestamp": 1687269122
  }
}
